# JRE version: OpenJDK Runtime Environment (8.0_111-b14) (build 1.8.0_111-8u111-b14-3~14.04.1-b14)
# Java VM: OpenJDK 64-Bit Server VM (25.111-b14 mixed mode linux-amd64 compressed oops)
Heap:
 PSYoungGen      total 135168K, used 119187K [0x000000076eb00000, 0x0000000777900000, 0x00000007c0000000)
  eden space 124928K, 87% used [0x000000076eb00000,0x000000077556c458,0x0000000776500000)
  from space 10240K, 99% used [0x0000000776f00000,0x00000007778f8928,0x0000000777900000)
  to   space 10240K, 0% used [0x0000000776500000,0x0000000776500000,0x0000000776f00000)
 ParOldGen       total 166912K, used 5707K [0x00000006cc000000, 0x00000006d6300000, 0x000000076eb00000)
  object space 166912K, 3% used [0x00000006cc000000,0x00000006cc592c70,0x00000006d6300000)
 Metaspace       used 20426K, capacity 20916K, committed 21120K, reserved 1069056K
  class space    used 2171K, capacity 2331K, committed 2432K, reserved 1048576K
GC Heap History (4 events):
Event: 10.304 GC heap before
{Heap before GC invocations=1 (full 0):
 PSYoungGen      total 72704K, used 62464K [0x000000076eb00000, 0x0000000773c00000, 0x00000007c0000000)
  eden space 62464K, 100% used [0x000000076eb00000,0x0000000772800000,0x0000000772800000)
  from space 10240K, 0% used [0x0000000773200000,0x0000000773200000,0x0000000773c00000)
  to   space 10240K, 0% used [0x0000000772800000,0x0000000772800000,0x0000000773200000)
 ParOldGen       total 166912K, used 0K [0x00000006cc000000, 0x00000006d6300000, 0x000000076eb00000)
  object space 166912K, 0% used [0x00000006cc000000,0x00000006cc000000,0x00000006d6300000)
 Metaspace       used 12687K, capacity 13018K, committed 13312K, reserved 1060864K
  class space    used 1365K, capacity 1464K, committed 1536K, reserved 1048576K
Event: 10.498 GC heap after
Heap after GC invocations=1 (full 0):
 PSYoungGen      total 72704K, used 10223K [0x000000076eb00000, 0x0000000777900000, 0x00000007c0000000)
  eden space 62464K, 0% used [0x000000076eb00000,0x000000076eb00000,0x0000000772800000)
  from space 10240K, 99% used [0x0000000772800000,0x00000007731fbe38,0x0000000773200000)
  to   space 10240K, 0% used [0x0000000776f00000,0x0000000776f00000,0x0000000777900000)
 ParOldGen       total 166912K, used 1127K [0x00000006cc000000, 0x00000006d6300000, 0x000000076eb00000)
  object space 166912K, 0% used [0x00000006cc000000,0x00000006cc119d20,0x00000006d6300000)
 Metaspace       used 12687K, capacity 13018K, committed 13312K, reserved 1060864K
  class space    used 1365K, capacity 1464K, committed 1536K, reserved 1048576K
}
Event: 15.500 GC heap before
{Heap before GC invocations=2 (full 0):
 PSYoungGen      total 72704K, used 72687K [0x000000076eb00000, 0x0000000777900000, 0x00000007c0000000)
  eden space 62464K, 100% used [0x000000076eb00000,0x0000000772800000,0x0000000772800000)
  from space 10240K, 99% used [0x0000000772800000,0x00000007731fbe38,0x0000000773200000)
  to   space 10240K, 0% used [0x0000000776f00000,0x0000000776f00000,0x0000000777900000)
 ParOldGen       total 166912K, used 1127K [0x00000006cc000000, 0x00000006d6300000, 0x000000076eb00000)
  object space 166912K, 0% used [0x00000006cc000000,0x00000006cc119d20,0x00000006d6300000)
 Metaspace       used 14957K, capacity 15380K, committed 15616K, reserved 1062912K
  class space    used 1600K, capacity 1709K, committed 1792K, reserved 1048576K
Event: 15.607 GC heap after
Heap after GC invocations=2 (full 0):
 PSYoungGen      total 135168K, used 10210K [0x000000076eb00000, 0x0000000777900000, 0x00000007c0000000)
  eden space 124928K, 0% used [0x000000076eb00000,0x000000076eb00000,0x0000000776500000)
  from space 10240K, 99% used [0x0000000776f00000,0x00000007778f8928,0x0000000777900000)
  to   space 10240K, 0% used [0x0000000776500000,0x0000000776500000,0x0000000776f00000)
 ParOldGen       total 166912K, used 5707K [0x00000006cc000000, 0x00000006d6300000, 0x000000076eb00000)
  object space 166912K, 3% used [0x00000006cc000000,0x00000006cc592c70,0x00000006d6300000)
 Metaspace       used 14957K, capacity 15380K, committed 15616K, reserved 1062912K
  class space    used 1600K, capacity 1709K, committed 1792K, reserved 1048576K
}

